<?xml version="1.0" encoding="UTF-8"?>
<coverage generated="1661903377844" clover="3.2.0">
  <project timestamp="1661903377844" name="All files">
    <metrics statements="54" coveredstatements="18" conditionals="8" coveredconditionals="3" methods="29" coveredmethods="6" elements="91" coveredelements="27" complexity="0" loc="54" ncloc="54" packages="2" files="5" classes="5"/>
    <package name="q&a">
      <metrics statements="8" coveredstatements="7" conditionals="2" coveredconditionals="2" methods="5" coveredmethods="4"/>
      <file name="QuestionsApp.jsx" path="/Users/jacobgramer/HackReactor/rfc2207-FEC/src/q&a/QuestionsApp.jsx">
        <metrics statements="8" coveredstatements="7" conditionals="2" coveredconditionals="2" methods="5" coveredmethods="4"/>
        <line num="7" count="3" type="stmt"/>
        <line num="8" count="2" type="stmt"/>
        <line num="10" count="2" type="stmt"/>
        <line num="11" count="1" type="stmt"/>
        <line num="13" count="1" type="stmt"/>
        <line num="15" count="0" type="stmt"/>
        <line num="16" count="1" type="stmt"/>
        <line num="19" count="2" type="stmt"/>
      </file>
    </package>
    <package name="q&a.components">
      <metrics statements="46" coveredstatements="11" conditionals="6" coveredconditionals="1" methods="24" coveredmethods="2"/>
      <file name="Answers.jsx" path="/Users/jacobgramer/HackReactor/rfc2207-FEC/src/q&a/components/Answers.jsx">
        <metrics statements="9" coveredstatements="1" conditionals="0" coveredconditionals="0" methods="6" coveredmethods="0"/>
        <line num="6" count="0" type="stmt"/>
        <line num="8" count="0" type="stmt"/>
        <line num="9" count="0" type="stmt"/>
        <line num="10" count="0" type="stmt"/>
        <line num="11" count="0" type="stmt"/>
        <line num="14" count="0" type="stmt"/>
        <line num="19" count="0" type="stmt"/>
        <line num="23" count="0" type="stmt"/>
        <line num="36" count="1" type="stmt"/>
      </file>
      <file name="QuestionList.jsx" path="/Users/jacobgramer/HackReactor/rfc2207-FEC/src/q&a/components/QuestionList.jsx">
        <metrics statements="17" coveredstatements="6" conditionals="6" coveredconditionals="1" methods="5" coveredmethods="1"/>
        <line num="8" count="1" type="stmt"/>
        <line num="10" count="1" type="stmt"/>
        <line num="11" count="0" type="stmt"/>
        <line num="14" count="1" type="stmt"/>
        <line num="15" count="0" type="cond" truecount="0" falsecount="2"/>
        <line num="16" count="0" type="stmt"/>
        <line num="17" count="0" type="stmt"/>
        <line num="18" count="0" type="stmt"/>
        <line num="19" count="0" type="cond" truecount="0" falsecount="2"/>
        <line num="20" count="0" type="stmt"/>
        <line num="23" count="0" type="stmt"/>
        <line num="25" count="0" type="stmt"/>
        <line num="28" count="1" type="cond" truecount="1" falsecount="1"/>
        <line num="29" count="1" type="stmt"/>
        <line num="32" count="0" type="stmt"/>
        <line num="36" count="0" type="stmt"/>
        <line num="41" count="1" type="stmt"/>
      </file>
      <file name="QuestionListEntry.jsx" path="/Users/jacobgramer/HackReactor/rfc2207-FEC/src/q&a/components/QuestionListEntry.jsx">
        <metrics statements="15" coveredstatements="1" conditionals="0" coveredconditionals="0" methods="10" coveredmethods="0"/>
        <line num="8" count="0" type="stmt"/>
        <line num="9" count="0" type="stmt"/>
        <line num="11" count="0" type="stmt"/>
        <line num="12" count="0" type="stmt"/>
        <line num="13" count="0" type="stmt"/>
        <line num="14" count="0" type="stmt"/>
        <line num="17" count="0" type="stmt"/>
        <line num="18" count="0" type="stmt"/>
        <line num="19" count="0" type="stmt"/>
        <line num="20" count="0" type="stmt"/>
        <line num="23" count="0" type="stmt"/>
        <line num="28" count="0" type="stmt"/>
        <line num="32" count="0" type="stmt"/>
        <line num="35" count="0" type="stmt"/>
        <line num="41" count="1" type="stmt"/>
      </file>
      <file name="SearchForm.jsx" path="/Users/jacobgramer/HackReactor/rfc2207-FEC/src/q&a/components/SearchForm.jsx">
        <metrics statements="5" coveredstatements="3" conditionals="0" coveredconditionals="0" methods="3" coveredmethods="1"/>
        <line num="5" count="1" type="stmt"/>
        <line num="6" count="0" type="stmt"/>
        <line num="9" count="1" type="stmt"/>
        <line num="16" count="0" type="stmt"/>
        <line num="23" count="1" type="stmt"/>
      </file>
    </package>
  </project>
</coverage>
