{"/Users/jacobgramer/HackReactor/rfc2207-FEC/src/q&a/QuestionsApp.jsx": {"path":"/Users/jacobgramer/HackReactor/rfc2207-FEC/src/q&a/QuestionsApp.jsx","statementMap":{"0":{"start":{"line":7,"column":36},"end":{"line":7,"column":48}},"1":{"start":{"line":8,"column":32},"end":{"line":8,"column":46}},"2":{"start":{"line":10,"column":2},"end":{"line":17,"column":9}},"3":{"start":{"line":11,"column":4},"end":{"line":16,"column":37}},"4":{"start":{"line":13,"column":8},"end":{"line":13,"column":32}},"5":{"start":{"line":15,"column":23},"end":{"line":15,"column":41}},"6":{"start":{"line":16,"column":18},"end":{"line":16,"column":35}},"7":{"start":{"line":19,"column":2},"end":{"line":32,"column":4}}},"fnMap":{"0":{"name":"Questions","decl":{"start":{"line":6,"column":9},"end":{"line":6,"column":18}},"loc":{"start":{"line":6,"column":21},"end":{"line":33,"column":1}},"line":6},"1":{"name":"(anonymous_1)","decl":{"start":{"line":10,"column":12},"end":{"line":10,"column":13}},"loc":{"start":{"line":10,"column":18},"end":{"line":17,"column":3}},"line":10},"2":{"name":"(anonymous_2)","decl":{"start":{"line":12,"column":12},"end":{"line":12,"column":13}},"loc":{"start":{"line":12,"column":22},"end":{"line":14,"column":7}},"line":12},"3":{"name":"(anonymous_3)","decl":{"start":{"line":15,"column":13},"end":{"line":15,"column":14}},"loc":{"start":{"line":15,"column":23},"end":{"line":15,"column":41}},"line":15},"4":{"name":"(anonymous_4)","decl":{"start":{"line":16,"column":12},"end":{"line":16,"column":13}},"loc":{"start":{"line":16,"column":18},"end":{"line":16,"column":35}},"line":16}},"branchMap":{"0":{"loc":{"start":{"line":20,"column":4},"end":{"line":31,"column":7}},"type":"cond-expr","locations":[{"start":{"line":22,"column":8},"end":{"line":24,"column":14}},{"start":{"line":27,"column":8},"end":{"line":30,"column":14}}],"line":20}},"s":{"0":3,"1":2,"2":2,"3":1,"4":1,"5":0,"6":1,"7":2},"f":{"0":3,"1":1,"2":1,"3":0,"4":1},"b":{"0":[1,1]},"_coverageSchema":"1a1c01bbd47fc00a2c39e90264f33305004495a9","hash":"3e6aad6480a57910e221044761e7faad7d6d7266"}
,"/Users/jacobgramer/HackReactor/rfc2207-FEC/src/q&a/components/Answers.jsx": {"path":"/Users/jacobgramer/HackReactor/rfc2207-FEC/src/q&a/components/Answers.jsx","statementMap":{"0":{"start":{"line":6,"column":32},"end":{"line":6,"column":60}},"1":{"start":{"line":8,"column":24},"end":{"line":12,"column":3}},"2":{"start":{"line":9,"column":4},"end":{"line":11,"column":73}},"3":{"start":{"line":10,"column":18},"end":{"line":10,"column":41}},"4":{"start":{"line":11,"column":22},"end":{"line":11,"column":71}},"5":{"start":{"line":14,"column":2},"end":{"line":33,"column":4}},"6":{"start":{"line":19,"column":70},"end":{"line":19,"column":85}},"7":{"start":{"line":23,"column":70},"end":{"line":23,"column":96}},"8":{"start":{"line":36,"column":0},"end":{"line":38,"column":2}}},"fnMap":{"0":{"name":"Answers","decl":{"start":{"line":5,"column":9},"end":{"line":5,"column":16}},"loc":{"start":{"line":5,"column":29},"end":{"line":34,"column":1}},"line":5},"1":{"name":"(anonymous_1)","decl":{"start":{"line":8,"column":24},"end":{"line":8,"column":25}},"loc":{"start":{"line":8,"column":30},"end":{"line":12,"column":3}},"line":8},"2":{"name":"(anonymous_2)","decl":{"start":{"line":10,"column":12},"end":{"line":10,"column":13}},"loc":{"start":{"line":10,"column":18},"end":{"line":10,"column":41}},"line":10},"3":{"name":"(anonymous_3)","decl":{"start":{"line":11,"column":13},"end":{"line":11,"column":14}},"loc":{"start":{"line":11,"column":22},"end":{"line":11,"column":71}},"line":11},"4":{"name":"(anonymous_4)","decl":{"start":{"line":19,"column":63},"end":{"line":19,"column":64}},"loc":{"start":{"line":19,"column":70},"end":{"line":19,"column":85}},"line":19},"5":{"name":"(anonymous_5)","decl":{"start":{"line":23,"column":63},"end":{"line":23,"column":64}},"loc":{"start":{"line":23,"column":70},"end":{"line":23,"column":96}},"line":23}},"branchMap":{},"s":{"0":0,"1":0,"2":0,"3":0,"4":0,"5":0,"6":0,"7":0,"8":1},"f":{"0":0,"1":0,"2":0,"3":0,"4":0,"5":0},"b":{},"_coverageSchema":"1a1c01bbd47fc00a2c39e90264f33305004495a9","hash":"96d86069d7664008ff8b97b5968ff67df958d6c8"}
,"/Users/jacobgramer/HackReactor/rfc2207-FEC/src/q&a/components/QuestionList.jsx": {"path":"/Users/jacobgramer/HackReactor/rfc2207-FEC/src/q&a/components/QuestionList.jsx","statementMap":{"0":{"start":{"line":8,"column":32},"end":{"line":8,"column":44}},"1":{"start":{"line":10,"column":2},"end":{"line":12,"column":22}},"2":{"start":{"line":11,"column":4},"end":{"line":11,"column":30}},"3":{"start":{"line":14,"column":23},"end":{"line":27,"column":3}},"4":{"start":{"line":15,"column":4},"end":{"line":26,"column":5}},"5":{"start":{"line":16,"column":22},"end":{"line":16,"column":24}},"6":{"start":{"line":17,"column":6},"end":{"line":22,"column":9}},"7":{"start":{"line":18,"column":25},"end":{"line":18,"column":58}},"8":{"start":{"line":19,"column":8},"end":{"line":21,"column":9}},"9":{"start":{"line":20,"column":10},"end":{"line":20,"column":30}},"10":{"start":{"line":23,"column":6},"end":{"line":23,"column":26}},"11":{"start":{"line":25,"column":6},"end":{"line":25,"column":32}},"12":{"start":{"line":28,"column":2},"end":{"line":35,"column":3}},"13":{"start":{"line":29,"column":4},"end":{"line":34,"column":6}},"14":{"start":{"line":32,"column":32},"end":{"line":32,"column":66}},"15":{"start":{"line":36,"column":2},"end":{"line":38,"column":4}},"16":{"start":{"line":41,"column":0},"end":{"line":44,"column":2}}},"fnMap":{"0":{"name":"QuestionList","decl":{"start":{"line":7,"column":9},"end":{"line":7,"column":21}},"loc":{"start":{"line":7,"column":33},"end":{"line":39,"column":1}},"line":7},"1":{"name":"(anonymous_1)","decl":{"start":{"line":10,"column":12},"end":{"line":10,"column":13}},"loc":{"start":{"line":10,"column":18},"end":{"line":12,"column":3}},"line":10},"2":{"name":"(anonymous_2)","decl":{"start":{"line":14,"column":23},"end":{"line":14,"column":24}},"loc":{"start":{"line":14,"column":34},"end":{"line":27,"column":3}},"line":14},"3":{"name":"(anonymous_3)","decl":{"start":{"line":17,"column":22},"end":{"line":17,"column":23}},"loc":{"start":{"line":17,"column":33},"end":{"line":22,"column":7}},"line":17},"4":{"name":"(anonymous_4)","decl":{"start":{"line":32,"column":21},"end":{"line":32,"column":22}},"loc":{"start":{"line":32,"column":32},"end":{"line":32,"column":66}},"line":32}},"branchMap":{"0":{"loc":{"start":{"line":15,"column":4},"end":{"line":26,"column":5}},"type":"if","locations":[{"start":{"line":15,"column":4},"end":{"line":26,"column":5}},{"start":{"line":24,"column":11},"end":{"line":26,"column":5}}],"line":15},"1":{"loc":{"start":{"line":19,"column":8},"end":{"line":21,"column":9}},"type":"if","locations":[{"start":{"line":19,"column":8},"end":{"line":21,"column":9}},{"start":{},"end":{}}],"line":19},"2":{"loc":{"start":{"line":28,"column":2},"end":{"line":35,"column":3}},"type":"if","locations":[{"start":{"line":28,"column":2},"end":{"line":35,"column":3}},{"start":{},"end":{}}],"line":28}},"s":{"0":1,"1":1,"2":0,"3":1,"4":0,"5":0,"6":0,"7":0,"8":0,"9":0,"10":0,"11":0,"12":1,"13":1,"14":0,"15":0,"16":1},"f":{"0":1,"1":0,"2":0,"3":0,"4":0},"b":{"0":[0,0],"1":[0,0],"2":[1,0]},"_coverageSchema":"1a1c01bbd47fc00a2c39e90264f33305004495a9","hash":"a67ef03430e0e67b4c824da161dd390cd82175bd"}
,"/Users/jacobgramer/HackReactor/rfc2207-FEC/src/q&a/components/QuestionListEntry.jsx": {"path":"/Users/jacobgramer/HackReactor/rfc2207-FEC/src/q&a/components/QuestionListEntry.jsx","statementMap":{"0":{"start":{"line":8,"column":32},"end":{"line":8,"column":44}},"1":{"start":{"line":9,"column":32},"end":{"line":9,"column":67}},"2":{"start":{"line":11,"column":2},"end":{"line":15,"column":22}},"3":{"start":{"line":12,"column":4},"end":{"line":14,"column":42}},"4":{"start":{"line":13,"column":26},"end":{"line":13,"column":51}},"5":{"start":{"line":14,"column":22},"end":{"line":14,"column":40}},"6":{"start":{"line":17,"column":24},"end":{"line":21,"column":3}},"7":{"start":{"line":18,"column":4},"end":{"line":20,"column":73}},"8":{"start":{"line":19,"column":18},"end":{"line":19,"column":41}},"9":{"start":{"line":20,"column":22},"end":{"line":20,"column":71}},"10":{"start":{"line":23,"column":2},"end":{"line":38,"column":4}},"11":{"start":{"line":28,"column":69},"end":{"line":28,"column":84}},"12":{"start":{"line":32,"column":70},"end":{"line":32,"column":99}},"13":{"start":{"line":35,"column":33},"end":{"line":35,"column":60}},"14":{"start":{"line":41,"column":0},"end":{"line":43,"column":2}}},"fnMap":{"0":{"name":"QuestionListEntry","decl":{"start":{"line":7,"column":9},"end":{"line":7,"column":26}},"loc":{"start":{"line":7,"column":37},"end":{"line":39,"column":1}},"line":7},"1":{"name":"(anonymous_1)","decl":{"start":{"line":11,"column":12},"end":{"line":11,"column":13}},"loc":{"start":{"line":11,"column":18},"end":{"line":15,"column":3}},"line":11},"2":{"name":"(anonymous_2)","decl":{"start":{"line":13,"column":12},"end":{"line":13,"column":13}},"loc":{"start":{"line":13,"column":26},"end":{"line":13,"column":51}},"line":13},"3":{"name":"(anonymous_3)","decl":{"start":{"line":14,"column":13},"end":{"line":14,"column":14}},"loc":{"start":{"line":14,"column":22},"end":{"line":14,"column":40}},"line":14},"4":{"name":"(anonymous_4)","decl":{"start":{"line":17,"column":24},"end":{"line":17,"column":25}},"loc":{"start":{"line":17,"column":30},"end":{"line":21,"column":3}},"line":17},"5":{"name":"(anonymous_5)","decl":{"start":{"line":19,"column":12},"end":{"line":19,"column":13}},"loc":{"start":{"line":19,"column":18},"end":{"line":19,"column":41}},"line":19},"6":{"name":"(anonymous_6)","decl":{"start":{"line":20,"column":13},"end":{"line":20,"column":14}},"loc":{"start":{"line":20,"column":22},"end":{"line":20,"column":71}},"line":20},"7":{"name":"(anonymous_7)","decl":{"start":{"line":28,"column":63},"end":{"line":28,"column":64}},"loc":{"start":{"line":28,"column":69},"end":{"line":28,"column":84}},"line":28},"8":{"name":"(anonymous_8)","decl":{"start":{"line":32,"column":63},"end":{"line":32,"column":64}},"loc":{"start":{"line":32,"column":70},"end":{"line":32,"column":99}},"line":32},"9":{"name":"(anonymous_9)","decl":{"start":{"line":35,"column":21},"end":{"line":35,"column":22}},"loc":{"start":{"line":35,"column":33},"end":{"line":35,"column":60}},"line":35}},"branchMap":{},"s":{"0":0,"1":0,"2":0,"3":0,"4":0,"5":0,"6":0,"7":0,"8":0,"9":0,"10":0,"11":0,"12":0,"13":0,"14":1},"f":{"0":0,"1":0,"2":0,"3":0,"4":0,"5":0,"6":0,"7":0,"8":0,"9":0},"b":{},"_coverageSchema":"1a1c01bbd47fc00a2c39e90264f33305004495a9","hash":"6b8340b94b427f2376192ba21383d7b636288aad"}
,"/Users/jacobgramer/HackReactor/rfc2207-FEC/src/q&a/components/SearchForm.jsx": {"path":"/Users/jacobgramer/HackReactor/rfc2207-FEC/src/q&a/components/SearchForm.jsx","statementMap":{"0":{"start":{"line":5,"column":19},"end":{"line":7,"column":3}},"1":{"start":{"line":6,"column":4},"end":{"line":6,"column":24}},"2":{"start":{"line":9,"column":2},"end":{"line":20,"column":4}},"3":{"start":{"line":16,"column":10},"end":{"line":16,"column":35}},"4":{"start":{"line":23,"column":0},"end":{"line":25,"column":2}}},"fnMap":{"0":{"name":"SearchForm","decl":{"start":{"line":4,"column":9},"end":{"line":4,"column":19}},"loc":{"start":{"line":4,"column":38},"end":{"line":21,"column":1}},"line":4},"1":{"name":"(anonymous_1)","decl":{"start":{"line":5,"column":19},"end":{"line":5,"column":20}},"loc":{"start":{"line":5,"column":30},"end":{"line":7,"column":3}},"line":5},"2":{"name":"(anonymous_2)","decl":{"start":{"line":15,"column":18},"end":{"line":15,"column":19}},"loc":{"start":{"line":15,"column":25},"end":{"line":17,"column":9}},"line":15}},"branchMap":{},"s":{"0":1,"1":0,"2":1,"3":0,"4":1},"f":{"0":1,"1":0,"2":0},"b":{},"_coverageSchema":"1a1c01bbd47fc00a2c39e90264f33305004495a9","hash":"d4f8f38714f52325ae4f85bc4f534db4ab95f63b"}
}
