TN:
SF:src/q&a/QuestionsApp.jsx
FN:6,Questions
FN:10,(anonymous_1)
FN:12,(anonymous_2)
FN:15,(anonymous_3)
FN:16,(anonymous_4)
FNF:5
FNH:4
FNDA:3,Questions
FNDA:1,(anonymous_1)
FNDA:1,(anonymous_2)
FNDA:0,(anonymous_3)
FNDA:1,(anonymous_4)
DA:7,3
DA:8,2
DA:10,2
DA:11,1
DA:13,1
DA:15,0
DA:16,1
DA:19,2
LF:8
LH:7
BRDA:20,0,0,1
BRDA:20,0,1,1
BRF:2
BRH:2
end_of_record
TN:
SF:src/q&a/components/Answers.jsx
FN:5,Answers
FN:8,(anonymous_1)
FN:10,(anonymous_2)
FN:11,(anonymous_3)
FN:19,(anonymous_4)
FN:23,(anonymous_5)
FNF:6
FNH:0
FNDA:0,Answers
FNDA:0,(anonymous_1)
FNDA:0,(anonymous_2)
FNDA:0,(anonymous_3)
FNDA:0,(anonymous_4)
FNDA:0,(anonymous_5)
DA:6,0
DA:8,0
DA:9,0
DA:10,0
DA:11,0
DA:14,0
DA:19,0
DA:23,0
DA:36,1
LF:9
LH:1
BRF:0
BRH:0
end_of_record
TN:
SF:src/q&a/components/QuestionList.jsx
FN:7,QuestionList
FN:10,(anonymous_1)
FN:14,(anonymous_2)
FN:17,(anonymous_3)
FN:32,(anonymous_4)
FNF:5
FNH:1
FNDA:1,QuestionList
FNDA:0,(anonymous_1)
FNDA:0,(anonymous_2)
FNDA:0,(anonymous_3)
FNDA:0,(anonymous_4)
DA:8,1
DA:10,1
DA:11,0
DA:14,1
DA:15,0
DA:16,0
DA:17,0
DA:18,0
DA:19,0
DA:20,0
DA:23,0
DA:25,0
DA:28,1
DA:29,1
DA:32,0
DA:36,0
DA:41,1
LF:17
LH:6
BRDA:15,0,0,0
BRDA:15,0,1,0
BRDA:19,1,0,0
BRDA:19,1,1,0
BRDA:28,2,0,1
BRDA:28,2,1,0
BRF:6
BRH:1
end_of_record
TN:
SF:src/q&a/components/QuestionListEntry.jsx
FN:7,QuestionListEntry
FN:11,(anonymous_1)
FN:13,(anonymous_2)
FN:14,(anonymous_3)
FN:17,(anonymous_4)
FN:19,(anonymous_5)
FN:20,(anonymous_6)
FN:28,(anonymous_7)
FN:32,(anonymous_8)
FN:35,(anonymous_9)
FNF:10
FNH:0
FNDA:0,QuestionListEntry
FNDA:0,(anonymous_1)
FNDA:0,(anonymous_2)
FNDA:0,(anonymous_3)
FNDA:0,(anonymous_4)
FNDA:0,(anonymous_5)
FNDA:0,(anonymous_6)
FNDA:0,(anonymous_7)
FNDA:0,(anonymous_8)
FNDA:0,(anonymous_9)
DA:8,0
DA:9,0
DA:11,0
DA:12,0
DA:13,0
DA:14,0
DA:17,0
DA:18,0
DA:19,0
DA:20,0
DA:23,0
DA:28,0
DA:32,0
DA:35,0
DA:41,1
LF:15
LH:1
BRF:0
BRH:0
end_of_record
TN:
SF:src/q&a/components/SearchForm.jsx
FN:4,SearchForm
FN:5,(anonymous_1)
FN:15,(anonymous_2)
FNF:3
FNH:1
FNDA:1,SearchForm
FNDA:0,(anonymous_1)
FNDA:0,(anonymous_2)
DA:5,1
DA:6,0
DA:9,1
DA:16,0
DA:23,1
LF:5
LH:3
BRF:0
BRH:0
end_of_record
